Scope: 3 of 4 workspace projects
services/auth-service dev$ nodemon
services/gateway-service dev$ nodemon
services/auth-service dev: [33m[nodemon] 3.1.11[39m
services/auth-service dev: [33m[nodemon] to restart at any time, enter `rs`[39m
services/auth-service dev: [33m[nodemon] watching path(s): src/**/*[39m
services/auth-service dev: [33m[nodemon] watching extensions: ts,cts,mts[39m
services/auth-service dev: [32m[nodemon] starting `tsx src/index.ts`[39m
services/gateway-service dev: [33m[nodemon] 3.1.11[39m
services/gateway-service dev: [33m[nodemon] to restart at any time, enter `rs`[39m
services/gateway-service dev: [33m[nodemon] watching path(s): src/**/*[39m
services/gateway-service dev: [33m[nodemon] watching extensions: ts,cts,mts[39m
services/gateway-service dev: [32m[nodemon] starting `tsx src/index.ts`[39m
services/gateway-service dev: {
services/gateway-service dev:   "message": "gateway service is running on port 4000",
services/gateway-service dev:   "level": "info",
services/gateway-service dev:   "timestamp": "2026-01-01 18:09:50",
services/gateway-service dev:   "service": "gateway-service"
services/gateway-service dev: }
services/gateway-service dev: {
services/gateway-service dev:   "message": "auth service is running at http://localhost:4003",
services/gateway-service dev:   "level": "info",
services/gateway-service dev:   "timestamp": "2026-01-01 18:09:50",
services/gateway-service dev:   "service": "gateway-service"
services/gateway-service dev: }
services/auth-service dev: {
services/auth-service dev:   "message": {
services/auth-service dev:     "sequelize": "Executing (default): SELECT 1+1 AS result"
services/auth-service dev:   },
services/auth-service dev:   "level": "debug",
services/auth-service dev:   "timestamp": "2026-01-01 18:09:50",
services/auth-service dev:   "service": "auth-service"
services/auth-service dev: }
services/auth-service dev: {
services/auth-service dev:   "message": "mysql auth database connection established succesfully",
services/auth-service dev:   "level": "info",
services/auth-service dev:   "timestamp": "2026-01-01 18:09:50",
services/auth-service dev:   "service": "auth-service"
services/auth-service dev: }
services/auth-service dev: {
services/auth-service dev:   "message": "auth service is running on port 4003",
services/auth-service dev:   "level": "info",
services/auth-service dev:   "timestamp": "2026-01-01 18:09:50",
services/auth-service dev:   "service": "auth-service"
services/auth-service dev: }
services/gateway-service dev: {
services/gateway-service dev:   "message": "recievied SIGINT, shutting down...",
services/gateway-service dev:   "level": "warn",
services/gateway-service dev:   "timestamp": "2026-01-01 18:09:59",
services/gateway-service dev:   "service": "gateway-service"
services/gateway-service dev: }
services/auth-service dev: {
services/auth-service dev:   "message": "recievied SIGINT, shutting down...",
services/auth-service dev:   "level": "warn",
services/auth-service dev:   "timestamp": "2026-01-01 18:09:59",
services/auth-service dev:   "service": "auth-service"
services/auth-service dev: }
services/auth-service dev: {
services/auth-service dev:   "message": "auth database connection closed",
services/auth-service dev:   "level": "info",
services/auth-service dev:   "timestamp": "2026-01-01 18:09:59",
services/auth-service dev:   "service": "auth-service"
services/auth-service dev: }
services/auth-service dev: {
services/auth-service dev:   "message": "auth server shutdown gracefully",
services/auth-service dev:   "level": "info",
services/auth-service dev:   "timestamp": "2026-01-01 18:09:59",
services/auth-service dev:   "service": "auth-service"
services/auth-service dev: }
services/gateway-service dev: Failed
/home/dimasmukhtar/Documents/learning/rabbitmq/chat-app/services/gateway-service:
 ERR_PNPM_RECURSIVE_RUN_FIRST_FAIL  @chatapp/gateway-service@1.0.0 dev: `nodemon`
Command failed with signal "SIGINT"
services/auth-service dev: Failed
